{"C:\\Users\\sonali\\Documents\\Omnipitch_2026\\omnipitch-2026\\src\\assets\\soccer_fans_cheering.webp": {"path":"C:\\Users\\sonali\\Documents\\Omnipitch_2026\\omnipitch-2026\\src\\assets\\soccer_fans_cheering.webp","statementMap":{},"fnMap":{},"branchMap":{},"s":{},"f":{},"b":{},"meta":{"lastBranch":0,"lastFunction":0,"lastStatement":0,"seen":{},"fnNames":{}}}
,"C:\\Users\\sonali\\Documents\\Omnipitch_2026\\omnipitch-2026\\src\\assets\\soccer_goal_action.webp": {"path":"C:\\Users\\sonali\\Documents\\Omnipitch_2026\\omnipitch-2026\\src\\assets\\soccer_goal_action.webp","statementMap":{},"fnMap":{},"branchMap":{},"s":{},"f":{},"b":{},"meta":{"lastBranch":0,"lastFunction":0,"lastStatement":0,"seen":{},"fnNames":{}}}
,"C:\\Users\\sonali\\Documents\\Omnipitch_2026\\omnipitch-2026\\src\\components\\fan\\ConciergeChat.vue": {"path":"C:\\Users\\sonali\\Documents\\Omnipitch_2026\\omnipitch-2026\\src\\components\\fan\\ConciergeChat.vue","statementMap":{"0":{"start":{"line":53,"column":6},"end":{"line":53,"column":null}},"1":{"start":{"line":54,"column":6},"end":{"line":54,"column":null}},"2":{"start":{"line":55,"column":6},"end":{"line":55,"column":null}},"3":{"start":{"line":56,"column":6},"end":{"line":58,"column":null}},"4":{"start":{"line":60,"column":6},"end":{"line":64,"column":null}},"5":{"start":{"line":61,"column":2},"end":{"line":61,"column":null}},"6":{"start":{"line":61,"column":23},"end":{"line":61,"column":null}},"7":{"start":{"line":62,"column":2},"end":{"line":62,"column":null}},"8":{"start":{"line":62,"column":25},"end":{"line":62,"column":null}},"9":{"start":{"line":63,"column":2},"end":{"line":63,"column":null}},"10":{"start":{"line":66,"column":20},"end":{"line":95,"column":null}},"11":{"start":{"line":67,"column":2},"end":{"line":67,"column":null}},"12":{"start":{"line":67,"column":46},"end":{"line":67,"column":null}},"13":{"start":{"line":69,"column":19},"end":{"line":69,"column":null}},"14":{"start":{"line":70,"column":2},"end":{"line":70,"column":null}},"15":{"start":{"line":71,"column":2},"end":{"line":71,"column":null}},"16":{"start":{"line":72,"column":2},"end":{"line":72,"column":null}},"17":{"start":{"line":74,"column":2},"end":{"line":94,"column":null}},"18":{"start":{"line":75,"column":21},"end":{"line":80,"column":null}},"19":{"start":{"line":82,"column":4},"end":{"line":89,"column":null}},"20":{"start":{"line":83,"column":6},"end":{"line":86,"column":null}},"21":{"start":{"line":88,"column":6},"end":{"line":88,"column":null}},"22":{"start":{"line":91,"column":4},"end":{"line":91,"column":null}},"23":{"start":{"line":93,"column":4},"end":{"line":93,"column":null}},"24":{"start":{"line":2,"column":7},"end":{"line":2,"column":null}},"25":{"start":{"line":10,"column":14},"end":{"line":10,"column":33}},"26":{"start":{"line":11,"column":11},"end":{"line":11,"column":62}},"27":{"start":{"line":25,"column":11},"end":{"line":25,"column":null}},"28":{"start":{"line":2,"column":2},"end":{"line":42,"column":291}},"29":{"start":{"line":4,"column":6},"end":{"line":11,"column":77}},"30":{"start":{"line":30,"column":19},"end":{"line":30,"column":null}}},"fnMap":{"0":{"name":"(anonymous_0)","decl":{"start":{"line":60,"column":6},"end":{"line":60,"column":22}},"loc":{"start":{"line":60,"column":39},"end":{"line":64,"column":null}},"line":60},"1":{"name":"(anonymous_1)","decl":{"start":{"line":66,"column":20},"end":{"line":66,"column":32}},"loc":{"start":{"line":66,"column":32},"end":{"line":95,"column":null}},"line":66},"2":{"name":"(anonymous_2)","decl":{"start":{"line":5,"column":31},"end":{"line":5,"column":null}},"loc":{"start":{"line":5,"column":26},"end":{"line":11,"column":77}},"line":5},"3":{"name":"(anonymous_3)","decl":{"start":{"line":30,"column":19},"end":{"line":30,"column":24}},"loc":{"start":{"line":30,"column":19},"end":{"line":30,"column":null}},"line":30}},"branchMap":{"0":{"loc":{"start":{"line":61,"column":2},"end":{"line":61,"column":null}},"type":"if","locations":[{"start":{"line":61,"column":2},"end":{"line":61,"column":null}},{"start":{},"end":{}}],"line":61},"1":{"loc":{"start":{"line":62,"column":2},"end":{"line":62,"column":null}},"type":"if","locations":[{"start":{"line":62,"column":2},"end":{"line":62,"column":null}},{"start":{},"end":{}}],"line":62},"2":{"loc":{"start":{"line":67,"column":2},"end":{"line":67,"column":null}},"type":"if","locations":[{"start":{"line":67,"column":2},"end":{"line":67,"column":null}},{"start":{},"end":{}}],"line":67},"3":{"loc":{"start":{"line":67,"column":6},"end":{"line":67,"column":46}},"type":"binary-expr","locations":[{"start":{"line":67,"column":6},"end":{"line":67,"column":29}},{"start":{"line":67,"column":29},"end":{"line":67,"column":46}}],"line":67},"4":{"loc":{"start":{"line":77,"column":6},"end":{"line":77,"column":null}},"type":"binary-expr","locations":[{"start":{"line":77,"column":6},"end":{"line":77,"column":40}},{"start":{"line":77,"column":40},"end":{"line":77,"column":null}}],"line":77},"5":{"loc":{"start":{"line":79,"column":6},"end":{"line":79,"column":null}},"type":"binary-expr","locations":[{"start":{"line":79,"column":6},"end":{"line":79,"column":69}},{"start":{"line":79,"column":69},"end":{"line":79,"column":null}}],"line":79},"6":{"loc":{"start":{"line":82,"column":4},"end":{"line":89,"column":null}},"type":"if","locations":[{"start":{"line":82,"column":4},"end":{"line":89,"column":null}},{"start":{"line":87,"column":11},"end":{"line":89,"column":null}}],"line":82},"7":{"loc":{"start":{"line":10,"column":33},"end":{"line":10,"column":99}},"type":"cond-expr","locations":[{"start":{"line":10,"column":41},"end":{"line":10,"column":99}},{"start":{"line":10,"column":41},"end":{"line":10,"column":99}}],"line":10},"8":{"loc":{"start":{"line":15,"column":17},"end":{"line":19,"column":124}},"type":"cond-expr","locations":[{"start":{"line":15,"column":17},"end":{"line":19,"column":124}}],"line":15},"9":{"loc":{"start":{"line":21,"column":12},"end":{"line":19,"column":124}},"type":"binary-expr","locations":[{"start":{"line":21,"column":12},"end":{"line":21,"column":null}},{"start":{"line":21,"column":12},"end":{"line":19,"column":124}}],"line":21},"10":{"loc":{"start":{"line":35,"column":12},"end":{"line":26,"column":74}},"type":"binary-expr","locations":[{"start":{"line":35,"column":12},"end":{"line":35,"column":null}},{"start":{"line":35,"column":12},"end":{"line":26,"column":74}}],"line":35},"11":{"loc":{"start":{"line":30,"column":19},"end":{"line":30,"column":null}},"type":"binary-expr","locations":[{"start":{"line":30,"column":19},"end":{"line":30,"column":24}},{"start":{"line":30,"column":19},"end":{"line":30,"column":null}}],"line":30},"12":{"loc":{"start":{"line":39,"column":19},"end":{"line":39,"column":null}},"type":"binary-expr","locations":[{"start":{"line":39,"column":19},"end":{"line":39,"column":28}},{"start":{"line":39,"column":28},"end":{"line":39,"column":null}}],"line":39},"13":{"loc":{"start":{"line":42,"column":8},"end":{"line":42,"column":291}},"type":"binary-expr","locations":[{"start":{"line":42,"column":8},"end":{"line":42,"column":13}},{"start":{"line":42,"column":8},"end":{"line":42,"column":291}}],"line":42}},"s":{"0":2,"1":2,"2":2,"3":2,"4":2,"5":8,"6":2,"7":6,"8":6,"9":6,"10":2,"11":1,"12":0,"13":1,"14":1,"15":1,"16":1,"17":1,"18":1,"19":1,"20":0,"21":1,"22":0,"23":1,"24":1,"25":1,"26":1,"27":1,"28":5,"29":8,"30":1},"f":{"0":8,"1":1,"2":8,"3":1},"b":{"0":[2,6],"1":[0,6],"2":[0,1],"3":[1,1],"4":[1,0],"5":[1,1],"6":[0,1],"7":[2,6],"8":[1],"9":[1,1],"10":[5,2],"11":[5,2],"12":[5,4],"13":[5,2]},"meta":{"lastBranch":14,"lastFunction":4,"lastStatement":31,"seen":{"s:53:6:53:Infinity":0,"s:54:6:54:Infinity":1,"s:55:6:55:Infinity":2,"s:56:6:58:Infinity":3,"s:60:6:64:Infinity":4,"f:60:6:60:22":0,"b:61:2:61:Infinity:undefined:undefined:undefined:undefined":0,"s:61:2:61:Infinity":5,"s:61:23:61:Infinity":6,"b:62:2:62:Infinity:undefined:undefined:undefined:undefined":1,"s:62:2:62:Infinity":7,"s:62:25:62:Infinity":8,"s:63:2:63:Infinity":9,"s:66:20:95:Infinity":10,"f:66:20:66:32":1,"b:67:2:67:Infinity:undefined:undefined:undefined:undefined":2,"s:67:2:67:Infinity":11,"b:67:6:67:29:67:29:67:46":3,"s:67:46:67:Infinity":12,"s:69:19:69:Infinity":13,"s:70:2:70:Infinity":14,"s:71:2:71:Infinity":15,"s:72:2:72:Infinity":16,"s:74:2:94:Infinity":17,"s:75:21:80:Infinity":18,"b:77:6:77:40:77:40:77:Infinity":4,"b:79:6:79:69:79:69:79:Infinity":5,"b:82:4:89:Infinity:87:11:89:Infinity":6,"s:82:4:89:Infinity":19,"s:83:6:86:Infinity":20,"s:88:6:88:Infinity":21,"s:91:4:91:Infinity":22,"s:93:4:93:Infinity":23,"s:2:7:2:Infinity":24,"s:10:14:10:33":25,"s:11:11:11:62":26,"s:25:11:25:Infinity":27,"s:2:2:42:291":28,"f:5:31:5:Infinity":2,"s:4:6:11:77":29,"b:10:41:10:99:10:41:10:99":7,"b:15:17:19:124":8,"b:21:12:21:Infinity:21:12:19:124":9,"b:35:12:35:Infinity:35:12:26:74":10,"b:30:19:30:24:30:19:30:Infinity":11,"f:30:19:30:24":3,"s:30:19:30:Infinity":30,"b:39:19:39:28:39:28:39:Infinity":12,"b:42:8:42:13:42:8:42:291":13},"fnNames":{}}}
,"C:\\Users\\sonali\\Documents\\Omnipitch_2026\\omnipitch-2026\\src\\components\\fan\\FanMap.vue": {"path":"C:\\Users\\sonali\\Documents\\Omnipitch_2026\\omnipitch-2026\\src\\components\\fan\\FanMap.vue","statementMap":{"0":{"start":{"line":91,"column":6},"end":{"line":91,"column":null}},"1":{"start":{"line":92,"column":6},"end":{"line":92,"column":null}},"2":{"start":{"line":93,"column":6},"end":{"line":93,"column":null}},"3":{"start":{"line":95,"column":6},"end":{"line":103,"column":null}},"4":{"start":{"line":105,"column":6},"end":{"line":124,"column":null}},"5":{"start":{"line":106,"column":17},"end":{"line":106,"column":null}},"6":{"start":{"line":107,"column":2},"end":{"line":123,"column":null}},"7":{"start":{"line":108,"column":4},"end":{"line":122,"column":null}},"8":{"start":{"line":109,"column":21},"end":{"line":109,"column":null}},"9":{"start":{"line":110,"column":6},"end":{"line":121,"column":null}},"10":{"start":{"line":111,"column":19},"end":{"line":111,"column":null}},"11":{"start":{"line":112,"column":8},"end":{"line":120,"column":null}},"12":{"start":{"line":128,"column":14},"end":{"line":128,"column":null}},"13":{"start":{"line":130,"column":19},"end":{"line":130,"column":null}},"14":{"start":{"line":133,"column":6},"end":{"line":171,"column":null}},"15":{"start":{"line":134,"column":20},"end":{"line":134,"column":null}},"16":{"start":{"line":135,"column":2},"end":{"line":135,"column":null}},"17":{"start":{"line":135,"column":18},"end":{"line":135,"column":null}},"18":{"start":{"line":136,"column":70},"end":{"line":136,"column":null}},"19":{"start":{"line":138,"column":10},"end":{"line":138,"column":null}},"20":{"start":{"line":139,"column":51},"end":{"line":139,"column":null}},"21":{"start":{"line":140,"column":21},"end":{"line":140,"column":null}},"22":{"start":{"line":141,"column":24},"end":{"line":141,"column":null}},"23":{"start":{"line":143,"column":2},"end":{"line":143,"column":null}},"24":{"start":{"line":145,"column":2},"end":{"line":145,"column":null}},"25":{"start":{"line":146,"column":2},"end":{"line":146,"column":null}},"26":{"start":{"line":147,"column":2},"end":{"line":147,"column":null}},"27":{"start":{"line":148,"column":2},"end":{"line":148,"column":null}},"28":{"start":{"line":150,"column":2},"end":{"line":150,"column":null}},"29":{"start":{"line":151,"column":2},"end":{"line":151,"column":null}},"30":{"start":{"line":153,"column":8},"end":{"line":168,"column":null}},"31":{"start":{"line":154,"column":4},"end":{"line":154,"column":null}},"32":{"start":{"line":155,"column":15},"end":{"line":155,"column":null}},"33":{"start":{"line":156,"column":17},"end":{"line":156,"column":null}},"34":{"start":{"line":158,"column":4},"end":{"line":158,"column":null}},"35":{"start":{"line":160,"column":4},"end":{"line":162,"column":null}},"36":{"start":{"line":161,"column":6},"end":{"line":161,"column":null}},"37":{"start":{"line":164,"column":4},"end":{"line":164,"column":null}},"38":{"start":{"line":165,"column":4},"end":{"line":165,"column":null}},"39":{"start":{"line":167,"column":4},"end":{"line":167,"column":null}},"40":{"start":{"line":170,"column":2},"end":{"line":170,"column":null}},"41":{"start":{"line":173,"column":0},"end":{"line":175,"column":null}},"42":{"start":{"line":173,"column":12},"end":{"line":173,"column":48}},"43":{"start":{"line":174,"column":2},"end":{"line":174,"column":null}},"44":{"start":{"line":174,"column":28},"end":{"line":174,"column":null}},"45":{"start":{"line":177,"column":0},"end":{"line":183,"column":null}},"46":{"start":{"line":178,"column":2},"end":{"line":178,"column":null}},"47":{"start":{"line":179,"column":2},"end":{"line":179,"column":null}},"48":{"start":{"line":181,"column":2},"end":{"line":181,"column":null}},"49":{"start":{"line":182,"column":2},"end":{"line":182,"column":null}},"50":{"start":{"line":185,"column":0},"end":{"line":190,"column":null}},"51":{"start":{"line":186,"column":2},"end":{"line":186,"column":null}},"52":{"start":{"line":187,"column":2},"end":{"line":187,"column":null}},"53":{"start":{"line":188,"column":2},"end":{"line":188,"column":null}},"54":{"start":{"line":2,"column":7},"end":{"line":2,"column":null}},"55":{"start":{"line":10,"column":9},"end":{"line":10,"column":null}},"56":{"start":{"line":11,"column":11},"end":{"line":11,"column":null}},"57":{"start":{"line":12,"column":13},"end":{"line":12,"column":null}},"58":{"start":{"line":14,"column":16},"end":{"line":14,"column":71}},"59":{"start":{"line":16,"column":13},"end":{"line":16,"column":null}},"60":{"start":{"line":17,"column":16},"end":{"line":17,"column":71}},"61":{"start":{"line":19,"column":16},"end":{"line":19,"column":71}},"62":{"start":{"line":21,"column":13},"end":{"line":21,"column":null}},"63":{"start":{"line":22,"column":16},"end":{"line":22,"column":71}},"64":{"start":{"line":25,"column":13},"end":{"line":25,"column":null}},"65":{"start":{"line":30,"column":16},"end":{"line":30,"column":83}},"66":{"start":{"line":2,"column":2},"end":{"line":74,"column":null}}},"fnMap":{"0":{"name":"(anonymous_0)","decl":{"start":{"line":105,"column":6},"end":{"line":105,"column":28}},"loc":{"start":{"line":105,"column":28},"end":{"line":124,"column":null}},"line":105},"1":{"name":"(anonymous_1)","decl":{"start":{"line":133,"column":6},"end":{"line":133,"column":21}},"loc":{"start":{"line":133,"column":21},"end":{"line":171,"column":null}},"line":133},"2":{"name":"(anonymous_2)","decl":{"start":{"line":153,"column":8},"end":{"line":153,"column":24}},"loc":{"start":{"line":153,"column":24},"end":{"line":168,"column":null}},"line":153},"3":{"name":"(anonymous_3)","decl":{"start":{"line":173,"column":0},"end":{"line":173,"column":12}},"loc":{"start":{"line":173,"column":12},"end":{"line":173,"column":48}},"line":173},"4":{"name":"(anonymous_4)","decl":{"start":{"line":173,"column":28},"end":{"line":173,"column":48}},"loc":{"start":{"line":173,"column":48},"end":{"line":175,"column":3}},"line":173},"5":{"name":"(anonymous_5)","decl":{"start":{"line":177,"column":0},"end":{"line":177,"column":16}},"loc":{"start":{"line":177,"column":16},"end":{"line":183,"column":1}},"line":177},"6":{"name":"(anonymous_6)","decl":{"start":{"line":185,"column":0},"end":{"line":185,"column":22}},"loc":{"start":{"line":185,"column":22},"end":{"line":190,"column":1}},"line":185}},"branchMap":{"0":{"loc":{"start":{"line":107,"column":2},"end":{"line":123,"column":null}},"type":"if","locations":[{"start":{"line":107,"column":2},"end":{"line":123,"column":null}},{"start":{},"end":{}}],"line":107},"1":{"loc":{"start":{"line":110,"column":6},"end":{"line":121,"column":null}},"type":"if","locations":[{"start":{"line":110,"column":6},"end":{"line":121,"column":null}},{"start":{},"end":{}}],"line":110},"2":{"loc":{"start":{"line":110,"column":10},"end":{"line":110,"column":48}},"type":"binary-expr","locations":[{"start":{"line":110,"column":10},"end":{"line":110,"column":25}},{"start":{"line":110,"column":25},"end":{"line":110,"column":48}}],"line":110},"3":{"loc":{"start":{"line":113,"column":16},"end":{"line":113,"column":null}},"type":"binary-expr","locations":[{"start":{"line":113,"column":16},"end":{"line":113,"column":31}},{"start":{"line":113,"column":31},"end":{"line":113,"column":null}}],"line":113},"4":{"loc":{"start":{"line":114,"column":16},"end":{"line":114,"column":null}},"type":"binary-expr","locations":[{"start":{"line":114,"column":16},"end":{"line":114,"column":31}},{"start":{"line":114,"column":31},"end":{"line":114,"column":null}}],"line":114},"5":{"loc":{"start":{"line":115,"column":21},"end":{"line":115,"column":null}},"type":"binary-expr","locations":[{"start":{"line":115,"column":21},"end":{"line":115,"column":37}},{"start":{"line":115,"column":37},"end":{"line":115,"column":null}}],"line":115},"6":{"loc":{"start":{"line":116,"column":21},"end":{"line":116,"column":null}},"type":"binary-expr","locations":[{"start":{"line":116,"column":21},"end":{"line":116,"column":37}},{"start":{"line":116,"column":37},"end":{"line":116,"column":null}}],"line":116},"7":{"loc":{"start":{"line":117,"column":18},"end":{"line":117,"column":null}},"type":"binary-expr","locations":[{"start":{"line":117,"column":18},"end":{"line":117,"column":31}},{"start":{"line":117,"column":31},"end":{"line":117,"column":null}}],"line":117},"8":{"loc":{"start":{"line":118,"column":21},"end":{"line":118,"column":null}},"type":"binary-expr","locations":[{"start":{"line":118,"column":21},"end":{"line":118,"column":40}},{"start":{"line":118,"column":40},"end":{"line":118,"column":null}}],"line":118},"9":{"loc":{"start":{"line":119,"column":21},"end":{"line":119,"column":null}},"type":"binary-expr","locations":[{"start":{"line":119,"column":21},"end":{"line":119,"column":42}},{"start":{"line":119,"column":42},"end":{"line":119,"column":null}}],"line":119},"10":{"loc":{"start":{"line":135,"column":2},"end":{"line":135,"column":null}},"type":"if","locations":[{"start":{"line":135,"column":2},"end":{"line":135,"column":null}},{"start":{},"end":{}}],"line":135},"11":{"loc":{"start":{"line":160,"column":4},"end":{"line":162,"column":null}},"type":"if","locations":[{"start":{"line":160,"column":4},"end":{"line":162,"column":null}},{"start":{},"end":{}}],"line":160},"12":{"loc":{"start":{"line":174,"column":2},"end":{"line":174,"column":null}},"type":"if","locations":[{"start":{"line":174,"column":2},"end":{"line":174,"column":null}},{"start":{},"end":{}}],"line":174},"13":{"loc":{"start":{"line":18,"column":10},"end":{"line":18,"column":65}},"type":"binary-expr","locations":[{"start":{"line":18,"column":10},"end":{"line":18,"column":16}},{"start":{"line":18,"column":10},"end":{"line":18,"column":65}}],"line":18},"14":{"loc":{"start":{"line":31,"column":14},"end":{"line":30,"column":16}},"type":"binary-expr","locations":[{"start":{"line":31,"column":14},"end":{"line":31,"column":null}},{"start":{"line":31,"column":14},"end":{"line":30,"column":16}}],"line":31},"15":{"loc":{"start":{"line":59,"column":6},"end":{"line":60,"column":109}},"type":"binary-expr","locations":[{"start":{"line":59,"column":6},"end":{"line":59,"column":11}},{"start":{"line":59,"column":6},"end":{"line":60,"column":109}}],"line":59},"16":{"loc":{"start":{"line":62,"column":17},"end":{"line":74,"column":null}},"type":"cond-expr","locations":[{"start":{"line":62,"column":17},"end":{"line":74,"column":null}},{"start":{"line":74,"column":12},"end":{"line":74,"column":null}}],"line":62},"17":{"loc":{"start":{"line":74,"column":12},"end":{"line":74,"column":null}},"type":"binary-expr","locations":[{"start":{"line":74,"column":12},"end":{"line":74,"column":null}},{"start":{"line":74,"column":12},"end":{"line":74,"column":null}}],"line":74}},"s":{"0":1,"1":1,"2":1,"3":1,"4":1,"5":1,"6":1,"7":0,"8":0,"9":0,"10":0,"11":0,"12":1,"13":1,"14":1,"15":0,"16":0,"17":0,"18":0,"19":0,"20":0,"21":0,"22":0,"23":0,"24":0,"25":0,"26":0,"27":0,"28":0,"29":0,"30":0,"31":0,"32":0,"33":0,"34":0,"35":0,"36":0,"37":0,"38":0,"39":0,"40":0,"41":1,"42":1,"43":0,"44":0,"45":1,"46":1,"47":1,"48":1,"49":1,"50":1,"51":0,"52":0,"53":0,"54":1,"55":1,"56":1,"57":1,"58":1,"59":1,"60":1,"61":1,"62":1,"63":1,"64":1,"65":1,"66":1},"f":{"0":1,"1":0,"2":0,"3":1,"4":0,"5":1,"6":0},"b":{"0":[0,1],"1":[0,0],"2":[0,0],"3":[0,0],"4":[0,0],"5":[0,0],"6":[0,0],"7":[0,0],"8":[0,0],"9":[0,0],"10":[0,0],"11":[0,0],"12":[0,0],"13":[1,1],"14":[1,1],"15":[1,1],"16":[1,0],"17":[1,1]},"meta":{"lastBranch":18,"lastFunction":7,"lastStatement":67,"seen":{"s:91:6:91:Infinity":0,"s:92:6:92:Infinity":1,"s:93:6:93:Infinity":2,"s:95:6:103:Infinity":3,"s:105:6:124:Infinity":4,"f:105:6:105:28":0,"s:106:17:106:Infinity":5,"b:107:2:123:Infinity:undefined:undefined:undefined:undefined":0,"s:107:2:123:Infinity":6,"s:108:4:122:Infinity":7,"s:109:21:109:Infinity":8,"b:110:6:121:Infinity:undefined:undefined:undefined:undefined":1,"s:110:6:121:Infinity":9,"b:110:10:110:25:110:25:110:48":2,"s:111:19:111:Infinity":10,"s:112:8:120:Infinity":11,"b:113:16:113:31:113:31:113:Infinity":3,"b:114:16:114:31:114:31:114:Infinity":4,"b:115:21:115:37:115:37:115:Infinity":5,"b:116:21:116:37:116:37:116:Infinity":6,"b:117:18:117:31:117:31:117:Infinity":7,"b:118:21:118:40:118:40:118:Infinity":8,"b:119:21:119:42:119:42:119:Infinity":9,"s:128:14:128:Infinity":12,"s:130:19:130:Infinity":13,"s:133:6:171:Infinity":14,"f:133:6:133:21":1,"s:134:20:134:Infinity":15,"b:135:2:135:Infinity:undefined:undefined:undefined:undefined":10,"s:135:2:135:Infinity":16,"s:135:18:135:Infinity":17,"s:136:70:136:Infinity":18,"s:138:10:138:Infinity":19,"s:139:51:139:Infinity":20,"s:140:21:140:Infinity":21,"s:141:24:141:Infinity":22,"s:143:2:143:Infinity":23,"s:145:2:145:Infinity":24,"s:146:2:146:Infinity":25,"s:147:2:147:Infinity":26,"s:148:2:148:Infinity":27,"s:150:2:150:Infinity":28,"s:151:2:151:Infinity":29,"s:153:8:168:Infinity":30,"f:153:8:153:24":2,"s:154:4:154:Infinity":31,"s:155:15:155:Infinity":32,"s:156:17:156:Infinity":33,"s:158:4:158:Infinity":34,"b:160:4:162:Infinity:undefined:undefined:undefined:undefined":11,"s:160:4:162:Infinity":35,"s:161:6:161:Infinity":36,"s:164:4:164:Infinity":37,"s:165:4:165:Infinity":38,"s:167:4:167:Infinity":39,"s:170:2:170:Infinity":40,"s:173:0:175:Infinity":41,"f:173:0:173:12":3,"s:173:12:173:48":42,"f:173:28:173:48":4,"b:174:2:174:Infinity:undefined:undefined:undefined:undefined":12,"s:174:2:174:Infinity":43,"s:174:28:174:Infinity":44,"s:177:0:183:Infinity":45,"f:177:0:177:16":5,"s:178:2:178:Infinity":46,"s:179:2:179:Infinity":47,"s:181:2:181:Infinity":48,"s:182:2:182:Infinity":49,"s:185:0:190:Infinity":50,"f:185:0:185:22":6,"s:186:2:186:Infinity":51,"s:187:2:187:Infinity":52,"s:188:2:188:Infinity":53,"s:2:7:2:Infinity":54,"s:10:9:10:Infinity":55,"s:11:11:11:Infinity":56,"s:12:13:12:Infinity":57,"s:14:16:14:71":58,"s:16:13:16:Infinity":59,"s:17:16:17:71":60,"s:19:16:19:71":61,"s:21:13:21:Infinity":62,"s:22:16:22:71":63,"s:25:13:25:Infinity":64,"s:30:16:30:83":65,"s:2:2:74:Infinity":66,"b:18:10:18:16:18:10:18:65":13,"b:31:14:31:Infinity:31:14:30:16":14,"b:59:6:59:11:59:6:60:109":15,"b:62:17:74:Infinity:74:12:74:Infinity":16,"b:74:12:74:Infinity:74:12:74:Infinity":17},"fnNames":{}}}
,"C:\\Users\\sonali\\Documents\\Omnipitch_2026\\omnipitch-2026\\src\\components\\fan\\LiveMatchFeed.vue": {"path":"C:\\Users\\sonali\\Documents\\Omnipitch_2026\\omnipitch-2026\\src\\components\\fan\\LiveMatchFeed.vue","statementMap":{"0":{"start":{"line":150,"column":6},"end":{"line":150,"column":null}},"1":{"start":{"line":151,"column":6},"end":{"line":151,"column":null}},"2":{"start":{"line":152,"column":6},"end":{"line":152,"column":null}},"3":{"start":{"line":153,"column":6},"end":{"line":153,"column":null}},"4":{"start":{"line":154,"column":6},"end":{"line":154,"column":null}},"5":{"start":{"line":156,"column":6},"end":{"line":160,"column":null}},"6":{"start":{"line":165,"column":6},"end":{"line":165,"column":null}},"7":{"start":{"line":165,"column":36},"end":{"line":165,"column":66}},"8":{"start":{"line":167,"column":6},"end":{"line":171,"column":null}},"9":{"start":{"line":168,"column":2},"end":{"line":168,"column":null}},"10":{"start":{"line":169,"column":2},"end":{"line":169,"column":null}},"11":{"start":{"line":170,"column":2},"end":{"line":170,"column":null}},"12":{"start":{"line":173,"column":18},"end":{"line":205,"column":null}},"13":{"start":{"line":174,"column":2},"end":{"line":204,"column":null}},"14":{"start":{"line":177,"column":19},"end":{"line":177,"column":null}},"15":{"start":{"line":178,"column":4},"end":{"line":183,"column":null}},"16":{"start":{"line":179,"column":21},"end":{"line":179,"column":null}},"17":{"start":{"line":180,"column":6},"end":{"line":182,"column":null}},"18":{"start":{"line":181,"column":8},"end":{"line":181,"column":null}},"19":{"start":{"line":185,"column":4},"end":{"line":190,"column":null}},"20":{"start":{"line":186,"column":6},"end":{"line":186,"column":null}},"21":{"start":{"line":186,"column":25},"end":{"line":186,"column":null}},"22":{"start":{"line":188,"column":6},"end":{"line":188,"column":null}},"23":{"start":{"line":189,"column":6},"end":{"line":189,"column":null}},"24":{"start":{"line":192,"column":4},"end":{"line":192,"column":null}},"25":{"start":{"line":193,"column":4},"end":{"line":193,"column":null}},"26":{"start":{"line":194,"column":4},"end":{"line":194,"column":null}},"27":{"start":{"line":195,"column":4},"end":{"line":199,"column":null}},"28":{"start":{"line":195,"column":113},"end":{"line":199,"column":6}},"29":{"start":{"line":201,"column":4},"end":{"line":201,"column":null}},"30":{"start":{"line":203,"column":4},"end":{"line":203,"column":null}},"31":{"start":{"line":207,"column":0},"end":{"line":221,"column":null}},"32":{"start":{"line":208,"column":2},"end":{"line":208,"column":null}},"33":{"start":{"line":211,"column":2},"end":{"line":215,"column":null}},"34":{"start":{"line":212,"column":4},"end":{"line":214,"column":null}},"35":{"start":{"line":213,"column":6},"end":{"line":213,"column":null}},"36":{"start":{"line":218,"column":2},"end":{"line":220,"column":null}},"37":{"start":{"line":219,"column":4},"end":{"line":219,"column":null}},"38":{"start":{"line":219,"column":52},"end":{"line":219,"column":null}},"39":{"start":{"line":223,"column":0},"end":{"line":226,"column":null}},"40":{"start":{"line":224,"column":2},"end":{"line":224,"column":null}},"41":{"start":{"line":225,"column":2},"end":{"line":225,"column":null}},"42":{"start":{"line":7,"column":9},"end":{"line":7,"column":null}},"43":{"start":{"line":9,"column":11},"end":{"line":9,"column":null}},"44":{"start":{"line":10,"column":14},"end":{"line":10,"column":null}},"45":{"start":{"line":41,"column":11},"end":{"line":41,"column":null}},"46":{"start":{"line":42,"column":13},"end":{"line":42,"column":null}},"47":{"start":{"line":43,"column":15},"end":{"line":43,"column":null}},"48":{"start":{"line":45,"column":18},"end":{"line":45,"column":76}},"49":{"start":{"line":50,"column":13},"end":{"line":50,"column":null}},"50":{"start":{"line":51,"column":15},"end":{"line":51,"column":null}},"51":{"start":{"line":55,"column":15},"end":{"line":55,"column":null}},"52":{"start":{"line":60,"column":15},"end":{"line":60,"column":null}},"53":{"start":{"line":67,"column":13},"end":{"line":67,"column":null}},"54":{"start":{"line":81,"column":19},"end":{"line":81,"column":null}},"55":{"start":{"line":91,"column":15},"end":{"line":91,"column":null}},"56":{"start":{"line":103,"column":11},"end":{"line":103,"column":null}},"57":{"start":{"line":108,"column":13},"end":{"line":108,"column":null}},"58":{"start":{"line":109,"column":15},"end":{"line":109,"column":null}},"59":{"start":{"line":110,"column":18},"end":{"line":110,"column":95}},"60":{"start":{"line":112,"column":15},"end":{"line":112,"column":null}},"61":{"start":{"line":115,"column":15},"end":{"line":115,"column":null}},"62":{"start":{"line":116,"column":18},"end":{"line":116,"column":91}},"63":{"start":{"line":122,"column":11},"end":{"line":122,"column":null}},"64":{"start":{"line":123,"column":13},"end":{"line":123,"column":null}},"65":{"start":{"line":124,"column":16},"end":{"line":124,"column":51}},"66":{"start":{"line":127,"column":13},"end":{"line":127,"column":null}},"67":{"start":{"line":128,"column":15},"end":{"line":128,"column":null}},"68":{"start":{"line":129,"column":18},"end":{"line":129,"column":91}},"69":{"start":{"line":134,"column":15},"end":{"line":134,"column":null}},"70":{"start":{"line":135,"column":18},"end":{"line":135,"column":91}},"71":{"start":{"line":2,"column":2},"end":{"line":135,"column":132}},"72":{"start":{"line":87,"column":18},"end":{"line":85,"column":165}},"73":{"start":{"line":92,"column":12},"end":{"line":96,"column":null}}},"fnMap":{"0":{"name":"(anonymous_0)","decl":{"start":{"line":165,"column":21},"end":{"line":165,"column":36}},"loc":{"start":{"line":165,"column":36},"end":{"line":165,"column":66}},"line":165},"1":{"name":"(anonymous_1)","decl":{"start":{"line":167,"column":6},"end":{"line":167,"column":27}},"loc":{"start":{"line":167,"column":27},"end":{"line":171,"column":null}},"line":167},"2":{"name":"(anonymous_2)","decl":{"start":{"line":173,"column":18},"end":{"line":173,"column":25}},"loc":{"start":{"line":173,"column":50},"end":{"line":205,"column":null}},"line":173},"3":{"name":"(anonymous_3)","decl":{"start":{"line":195,"column":41},"end":{"line":195,"column":46}},"loc":{"start":{"line":195,"column":113},"end":{"line":199,"column":6}},"line":195},"4":{"name":"(anonymous_4)","decl":{"start":{"line":207,"column":0},"end":{"line":207,"column":16}},"loc":{"start":{"line":207,"column":16},"end":{"line":221,"column":1}},"line":207},"5":{"name":"(anonymous_5)","decl":{"start":{"line":211,"column":18},"end":{"line":211,"column":36}},"loc":{"start":{"line":211,"column":36},"end":{"line":215,"column":5}},"line":211},"6":{"name":"(anonymous_6)","decl":{"start":{"line":218,"column":19},"end":{"line":218,"column":37}},"loc":{"start":{"line":218,"column":37},"end":{"line":220,"column":5}},"line":218},"7":{"name":"(anonymous_7)","decl":{"start":{"line":223,"column":0},"end":{"line":223,"column":18}},"loc":{"start":{"line":223,"column":18},"end":{"line":226,"column":1}},"line":223},"8":{"name":"(anonymous_8)","decl":{"start":{"line":87,"column":18},"end":{"line":87,"column":null}},"loc":{"start":{"line":87,"column":18},"end":{"line":85,"column":165}},"line":87},"9":{"name":"(anonymous_9)","decl":{"start":{"line":93,"column":35},"end":{"line":93,"column":null}},"loc":{"start":{"line":93,"column":30},"end":{"line":96,"column":null}},"line":93}},"branchMap":{"0":{"loc":{"start":{"line":173,"column":25},"end":{"line":173,"column":50}},"type":"default-arg","locations":[{"start":{"line":173,"column":40},"end":{"line":173,"column":50}}],"line":173},"1":{"loc":{"start":{"line":178,"column":4},"end":{"line":183,"column":null}},"type":"if","locations":[{"start":{"line":178,"column":4},"end":{"line":183,"column":null}},{"start":{},"end":{}}],"line":178},"2":{"loc":{"start":{"line":178,"column":8},"end":{"line":178,"column":33}},"type":"binary-expr","locations":[{"start":{"line":178,"column":8},"end":{"line":178,"column":18}},{"start":{"line":178,"column":18},"end":{"line":178,"column":33}}],"line":178},"3":{"loc":{"start":{"line":180,"column":6},"end":{"line":182,"column":null}},"type":"if","locations":[{"start":{"line":180,"column":6},"end":{"line":182,"column":null}},{"start":{},"end":{}}],"line":180},"4":{"loc":{"start":{"line":185,"column":4},"end":{"line":190,"column":null}},"type":"if","locations":[{"start":{"line":185,"column":4},"end":{"line":190,"column":null}},{"start":{},"end":{}}],"line":185},"5":{"loc":{"start":{"line":186,"column":6},"end":{"line":186,"column":null}},"type":"if","locations":[{"start":{"line":186,"column":6},"end":{"line":186,"column":null}},{"start":{},"end":{}}],"line":186},"6":{"loc":{"start":{"line":197,"column":13},"end":{"line":197,"column":null}},"type":"cond-expr","locations":[{"start":{"line":197,"column":29},"end":{"line":197,"column":39}},{"start":{"line":197,"column":39},"end":{"line":197,"column":null}}],"line":197},"7":{"loc":{"start":{"line":198,"column":18},"end":{"line":198,"column":null}},"type":"cond-expr","locations":[{"start":{"line":198,"column":34},"end":{"line":198,"column":58}},{"start":{"line":198,"column":58},"end":{"line":198,"column":null}}],"line":198},"8":{"loc":{"start":{"line":212,"column":4},"end":{"line":214,"column":null}},"type":"if","locations":[{"start":{"line":212,"column":4},"end":{"line":214,"column":null}},{"start":{},"end":{}}],"line":212},"9":{"loc":{"start":{"line":219,"column":4},"end":{"line":219,"column":null}},"type":"if","locations":[{"start":{"line":219,"column":4},"end":{"line":219,"column":null}},{"start":{},"end":{}}],"line":219},"10":{"loc":{"start":{"line":219,"column":8},"end":{"line":219,"column":52}},"type":"binary-expr","locations":[{"start":{"line":219,"column":8},"end":{"line":219,"column":34}},{"start":{"line":219,"column":34},"end":{"line":219,"column":52}}],"line":219},"11":{"loc":{"start":{"line":2,"column":35},"end":{"line":2,"column":102}},"type":"binary-expr","locations":[{"start":{"line":2,"column":35},"end":{"line":2,"column":66}},{"start":{"line":2,"column":66},"end":{"line":2,"column":102}}],"line":2},"12":{"loc":{"start":{"line":2,"column":102},"end":{"line":2,"column":151}},"type":"binary-expr","locations":[{"start":{"line":2,"column":102},"end":{"line":2,"column":135}},{"start":{"line":2,"column":135},"end":{"line":2,"column":151}}],"line":2},"13":{"loc":{"start":{"line":4,"column":4},"end":{"line":5,"column":177}},"type":"binary-expr","locations":[{"start":{"line":4,"column":4},"end":{"line":4,"column":9}},{"start":{"line":4,"column":4},"end":{"line":5,"column":177}}],"line":4},"14":{"loc":{"start":{"line":8,"column":156},"end":{"line":8,"column":null}},"type":"cond-expr","locations":[{"start":{"line":8,"column":156},"end":{"line":8,"column":null}},{"start":{"line":8,"column":173},"end":{"line":8,"column":null}}],"line":8},"15":{"loc":{"start":{"line":11,"column":116},"end":{"line":11,"column":166}},"type":"cond-expr","locations":[{"start":{"line":11,"column":125},"end":{"line":11,"column":166}},{"start":{"line":11,"column":125},"end":{"line":11,"column":166}}],"line":11},"16":{"loc":{"start":{"line":12,"column":74},"end":{"line":12,"column":124}},"type":"cond-expr","locations":[{"start":{"line":12,"column":83},"end":{"line":12,"column":124}},{"start":{"line":12,"column":83},"end":{"line":12,"column":124}}],"line":12},"17":{"loc":{"start":{"line":14,"column":8},"end":{"line":14,"column":80}},"type":"binary-expr","locations":[{"start":{"line":14,"column":8},"end":{"line":14,"column":12}},{"start":{"line":14,"column":8},"end":{"line":14,"column":80}}],"line":14},"18":{"loc":{"start":{"line":18,"column":10},"end":{"line":20,"column":17}},"type":"binary-expr","locations":[{"start":{"line":18,"column":10},"end":{"line":18,"column":15}},{"start":{"line":18,"column":10},"end":{"line":20,"column":17}}],"line":18},"19":{"loc":{"start":{"line":20,"column":8},"end":{"line":21,"column":96}},"type":"binary-expr","locations":[{"start":{"line":20,"column":8},"end":{"line":20,"column":17}},{"start":{"line":20,"column":8},"end":{"line":21,"column":96}}],"line":20},"20":{"loc":{"start":{"line":26,"column":15},"end":{"line":135,"column":132}},"type":"cond-expr","locations":[{"start":{"line":26,"column":15},"end":{"line":32,"column":33}},{"start":{"line":32,"column":21},"end":{"line":135,"column":132}}],"line":26},"21":{"loc":{"start":{"line":29,"column":10},"end":{"line":32,"column":33}},"type":"binary-expr","locations":[{"start":{"line":29,"column":10},"end":{"line":29,"column":null}},{"start":{"line":29,"column":10},"end":{"line":32,"column":33}}],"line":29},"22":{"loc":{"start":{"line":32,"column":21},"end":{"line":135,"column":132}},"type":"cond-expr","locations":[{"start":{"line":32,"column":21},"end":{"line":39,"column":16}},{"start":{"line":39,"column":4},"end":{"line":135,"column":132}}],"line":32},"23":{"loc":{"start":{"line":35,"column":6},"end":{"line":36,"column":114}},"type":"binary-expr","locations":[{"start":{"line":35,"column":6},"end":{"line":35,"column":15}},{"start":{"line":35,"column":6},"end":{"line":36,"column":114}}],"line":35},"24":{"loc":{"start":{"line":46,"column":16},"end":{"line":45,"column":18}},"type":"binary-expr","locations":[{"start":{"line":46,"column":16},"end":{"line":46,"column":null}},{"start":{"line":46,"column":16},"end":{"line":45,"column":18}}],"line":46},"25":{"loc":{"start":{"line":45,"column":183},"end":{"line":45,"column":157}},"type":"binary-expr","locations":[{"start":{"line":45,"column":183},"end":{"line":45,"column":null}},{"start":{"line":45,"column":183},"end":{"line":45,"column":157}}],"line":45},"26":{"loc":{"start":{"line":45,"column":176},"end":{"line":47,"column":197}},"type":"binary-expr","locations":[{"start":{"line":45,"column":176},"end":{"line":45,"column":183}},{"start":{"line":45,"column":176},"end":{"line":47,"column":197}}],"line":45},"27":{"loc":{"start":{"line":54,"column":16},"end":{"line":53,"column":18}},"type":"binary-expr","locations":[{"start":{"line":54,"column":16},"end":{"line":54,"column":null}},{"start":{"line":54,"column":16},"end":{"line":53,"column":18}}],"line":54},"28":{"loc":{"start":{"line":56,"column":101},"end":{"line":56,"column":163}},"type":"cond-expr","locations":[{"start":{"line":56,"column":121},"end":{"line":56,"column":163}},{"start":{"line":56,"column":121},"end":{"line":56,"column":163}}],"line":56},"29":{"loc":{"start":{"line":57,"column":12},"end":{"line":57,"column":48}},"type":"binary-expr","locations":[{"start":{"line":57,"column":12},"end":{"line":57,"column":18}},{"start":{"line":57,"column":12},"end":{"line":57,"column":48}}],"line":57},"30":{"loc":{"start":{"line":58,"column":101},"end":{"line":58,"column":165}},"type":"cond-expr","locations":[{"start":{"line":58,"column":121},"end":{"line":58,"column":165}},{"start":{"line":58,"column":121},"end":{"line":58,"column":165}}],"line":58},"31":{"loc":{"start":{"line":63,"column":16},"end":{"line":62,"column":18}},"type":"binary-expr","locations":[{"start":{"line":63,"column":16},"end":{"line":63,"column":null}},{"start":{"line":63,"column":16},"end":{"line":62,"column":18}}],"line":63},"32":{"loc":{"start":{"line":69,"column":23},"end":{"line":85,"column":165}},"type":"cond-expr","locations":[{"start":{"line":69,"column":23},"end":{"line":85,"column":165}}],"line":69},"33":{"loc":{"start":{"line":78,"column":25},"end":{"line":78,"column":null}},"type":"cond-expr","locations":[{"start":{"line":78,"column":38},"end":{"line":78,"column":null}},{"start":{"line":78,"column":127},"end":{"line":78,"column":null}}],"line":78},"34":{"loc":{"start":{"line":82,"column":27},"end":{"line":84,"column":22}},"type":"cond-expr","locations":[{"start":{"line":82,"column":40},"end":{"line":84,"column":22}},{"start":{"line":84,"column":16},"end":{"line":84,"column":22}}],"line":82},"35":{"loc":{"start":{"line":96,"column":22},"end":{"line":96,"column":null}},"type":"cond-expr","locations":[{"start":{"line":96,"column":42},"end":{"line":96,"column":null}},{"start":{"line":96,"column":42},"end":{"line":96,"column":null}}],"line":96},"36":{"loc":{"start":{"line":119,"column":12},"end":{"line":108,"column":13}},"type":"binary-expr","locations":[{"start":{"line":119,"column":12},"end":{"line":119,"column":null}},{"start":{"line":119,"column":12},"end":{"line":108,"column":13}}],"line":119},"37":{"loc":{"start":{"line":113,"column":64},"end":{"line":113,"column":100}},"type":"binary-expr","locations":[{"start":{"line":113,"column":64},"end":{"line":113,"column":70}},{"start":{"line":113,"column":64},"end":{"line":113,"column":100}}],"line":113},"38":{"loc":{"start":{"line":124,"column":78},"end":{"line":125,"column":169}},"type":"binary-expr","locations":[{"start":{"line":124,"column":78},"end":{"line":124,"column":88}},{"start":{"line":124,"column":78},"end":{"line":125,"column":169}}],"line":124},"39":{"loc":{"start":{"line":131,"column":10},"end":{"line":132,"column":27}},"type":"binary-expr","locations":[{"start":{"line":131,"column":10},"end":{"line":131,"column":15}},{"start":{"line":131,"column":10},"end":{"line":132,"column":27}}],"line":131}},"s":{"0":2,"1":2,"2":2,"3":2,"4":2,"5":2,"6":2,"7":1,"8":2,"9":1,"10":1,"11":1,"12":2,"13":3,"14":3,"15":3,"16":0,"17":0,"18":0,"19":3,"20":3,"21":2,"22":1,"23":1,"24":1,"25":1,"26":1,"27":1,"28":0,"29":0,"30":3,"31":2,"32":2,"33":2,"34":0,"35":0,"36":2,"37":0,"38":0,"39":2,"40":0,"41":0,"42":1,"43":1,"44":1,"45":1,"46":1,"47":1,"48":1,"49":1,"50":1,"51":1,"52":1,"53":1,"54":1,"55":1,"56":1,"57":1,"58":1,"59":1,"60":1,"61":1,"62":1,"63":1,"64":1,"65":1,"66":1,"67":1,"68":1,"69":1,"70":1,"71":4,"72":1,"73":0},"f":{"0":1,"1":1,"2":3,"3":0,"4":2,"5":0,"6":0,"7":0,"8":1,"9":0},"b":{"0":[3],"1":[0,3],"2":[3,0],"3":[0,0],"4":[3,0],"5":[2,1],"6":[0,0],"7":[0,0],"8":[0,0],"9":[0,0],"10":[0,0],"11":[4,3],"12":[4,3],"13":[4,2],"14":[1,3],"15":[1,3],"16":[1,3],"17":[4,2],"18":[4,2],"19":[4,2],"20":[1,3],"21":[1,1],"22":[2,1],"23":[2,2],"24":[1,1],"25":[1,1],"26":[1,1],"27":[1,1],"28":[0,1],"29":[1,1],"30":[0,1],"31":[1,1],"32":[0],"33":[0,0],"34":[0,0],"35":[0,0],"36":[1,1],"37":[1,1],"38":[1,1],"39":[1,1]},"meta":{"lastBranch":40,"lastFunction":10,"lastStatement":74,"seen":{"s:150:6:150:Infinity":0,"s:151:6:151:Infinity":1,"s:152:6:152:Infinity":2,"s:153:6:153:Infinity":3,"s:154:6:154:Infinity":4,"s:156:6:160:Infinity":5,"s:165:6:165:Infinity":6,"f:165:21:165:36":0,"s:165:36:165:66":7,"s:167:6:171:Infinity":8,"f:167:6:167:27":1,"s:168:2:168:Infinity":9,"s:169:2:169:Infinity":10,"s:170:2:170:Infinity":11,"s:173:18:205:Infinity":12,"f:173:18:173:25":2,"b:173:40:173:50":0,"s:174:2:204:Infinity":13,"s:177:19:177:Infinity":14,"b:178:4:183:Infinity:undefined:undefined:undefined:undefined":1,"s:178:4:183:Infinity":15,"b:178:8:178:18:178:18:178:33":2,"s:179:21:179:Infinity":16,"b:180:6:182:Infinity:undefined:undefined:undefined:undefined":3,"s:180:6:182:Infinity":17,"s:181:8:181:Infinity":18,"b:185:4:190:Infinity:undefined:undefined:undefined:undefined":4,"s:185:4:190:Infinity":19,"b:186:6:186:Infinity:undefined:undefined:undefined:undefined":5,"s:186:6:186:Infinity":20,"s:186:25:186:Infinity":21,"s:188:6:188:Infinity":22,"s:189:6:189:Infinity":23,"s:192:4:192:Infinity":24,"s:193:4:193:Infinity":25,"s:194:4:194:Infinity":26,"s:195:4:199:Infinity":27,"f:195:41:195:46":3,"s:195:113:199:6":28,"b:197:29:197:39:197:39:197:Infinity":6,"b:198:34:198:58:198:58:198:Infinity":7,"s:201:4:201:Infinity":29,"s:203:4:203:Infinity":30,"s:207:0:221:Infinity":31,"f:207:0:207:16":4,"s:208:2:208:Infinity":32,"s:211:2:215:Infinity":33,"f:211:18:211:36":5,"b:212:4:214:Infinity:undefined:undefined:undefined:undefined":8,"s:212:4:214:Infinity":34,"s:213:6:213:Infinity":35,"s:218:2:220:Infinity":36,"f:218:19:218:37":6,"b:219:4:219:Infinity:undefined:undefined:undefined:undefined":9,"s:219:4:219:Infinity":37,"b:219:8:219:34:219:34:219:52":10,"s:219:52:219:Infinity":38,"s:223:0:226:Infinity":39,"f:223:0:223:18":7,"s:224:2:224:Infinity":40,"s:225:2:225:Infinity":41,"s:7:9:7:Infinity":42,"s:9:11:9:Infinity":43,"s:10:14:10:Infinity":44,"s:41:11:41:Infinity":45,"s:42:13:42:Infinity":46,"s:43:15:43:Infinity":47,"s:45:18:45:76":48,"s:50:13:50:Infinity":49,"s:51:15:51:Infinity":50,"s:55:15:55:Infinity":51,"s:60:15:60:Infinity":52,"s:67:13:67:Infinity":53,"s:81:19:81:Infinity":54,"s:91:15:91:Infinity":55,"s:103:11:103:Infinity":56,"s:108:13:108:Infinity":57,"s:109:15:109:Infinity":58,"s:110:18:110:95":59,"s:112:15:112:Infinity":60,"s:115:15:115:Infinity":61,"s:116:18:116:91":62,"s:122:11:122:Infinity":63,"s:123:13:123:Infinity":64,"s:124:16:124:51":65,"s:127:13:127:Infinity":66,"s:128:15:128:Infinity":67,"s:129:18:129:91":68,"s:134:15:134:Infinity":69,"s:135:18:135:91":70,"s:2:2:135:132":71,"b:2:35:2:66:2:66:2:102":11,"b:2:102:2:135:2:135:2:151":12,"b:4:4:4:9:4:4:5:177":13,"b:8:156:8:Infinity:8:173:8:Infinity":14,"b:11:125:11:166:11:125:11:166":15,"b:12:83:12:124:12:83:12:124":16,"b:14:8:14:12:14:8:14:80":17,"b:18:10:18:15:18:10:20:17":18,"b:20:8:20:17:20:8:21:96":19,"b:26:15:32:33:32:21:135:132":20,"b:29:10:29:Infinity:29:10:32:33":21,"b:32:21:39:16:39:4:135:132":22,"b:35:6:35:15:35:6:36:114":23,"b:46:16:46:Infinity:46:16:45:18":24,"b:45:183:45:Infinity:45:183:45:157":25,"b:45:176:45:183:45:176:47:197":26,"b:54:16:54:Infinity:54:16:53:18":27,"b:56:121:56:163:56:121:56:163":28,"b:57:12:57:18:57:12:57:48":29,"b:58:121:58:165:58:121:58:165":30,"b:63:16:63:Infinity:63:16:62:18":31,"f:87:18:87:Infinity":8,"s:87:18:85:165":72,"b:69:23:85:165":32,"b:78:38:78:Infinity:78:127:78:Infinity":33,"b:82:40:84:22:84:16:84:22":34,"f:93:35:93:Infinity":9,"s:92:12:96:Infinity":73,"b:96:42:96:Infinity:96:42:96:Infinity":35,"b:119:12:119:Infinity:119:12:108:13":36,"b:113:64:113:70:113:64:113:100":37,"b:124:78:124:88:124:78:125:169":38,"b:131:10:131:15:131:10:132:27":39},"fnNames":{}}}
,"C:\\Users\\sonali\\Documents\\Omnipitch_2026\\omnipitch-2026\\src\\services\\gemini.ts": {"path":"C:\\Users\\sonali\\Documents\\Omnipitch_2026\\omnipitch-2026\\src\\services\\gemini.ts","statementMap":{"0":{"start":{"line":7,"column":14},"end":{"line":11,"column":null}},"1":{"start":{"line":12,"column":2},"end":{"line":12,"column":null}},"2":{"start":{"line":12,"column":15},"end":{"line":12,"column":null}},"3":{"start":{"line":13,"column":15},"end":{"line":13,"column":null}},"4":{"start":{"line":14,"column":2},"end":{"line":14,"column":null}},"5":{"start":{"line":14,"column":35},"end":{"line":14,"column":45}},"6":{"start":{"line":22,"column":2},"end":{"line":25,"column":null}},"7":{"start":{"line":37,"column":24},"end":{"line":45,"column":null}},"8":{"start":{"line":50,"column":2},"end":{"line":57,"column":null}},"9":{"start":{"line":51,"column":22},"end":{"line":51,"column":null}},"10":{"start":{"line":52,"column":19},"end":{"line":52,"column":null}},"11":{"start":{"line":53,"column":4},"end":{"line":53,"column":null}},"12":{"start":{"line":55,"column":4},"end":{"line":55,"column":null}},"13":{"start":{"line":56,"column":4},"end":{"line":56,"column":null}},"14":{"start":{"line":68,"column":23},"end":{"line":69,"column":null}},"15":{"start":{"line":80,"column":20},"end":{"line":82,"column":null}},"16":{"start":{"line":84,"column":2},"end":{"line":94,"column":null}},"17":{"start":{"line":85,"column":19},"end":{"line":85,"column":null}},"18":{"start":{"line":86,"column":4},"end":{"line":86,"column":null}},"19":{"start":{"line":88,"column":4},"end":{"line":88,"column":null}},"20":{"start":{"line":89,"column":4},"end":{"line":93,"column":null}},"21":{"start":{"line":104,"column":17},"end":{"line":112,"column":null}},"22":{"start":{"line":116,"column":2},"end":{"line":122,"column":null}},"23":{"start":{"line":117,"column":19},"end":{"line":117,"column":null}},"24":{"start":{"line":118,"column":4},"end":{"line":118,"column":null}},"25":{"start":{"line":120,"column":4},"end":{"line":120,"column":null}},"26":{"start":{"line":121,"column":4},"end":{"line":121,"column":null}},"27":{"start":{"line":129,"column":17},"end":{"line":130,"column":null}},"28":{"start":{"line":166,"column":2},"end":{"line":207,"column":null}},"29":{"start":{"line":167,"column":19},"end":{"line":167,"column":null}},"30":{"start":{"line":170,"column":18},"end":{"line":170,"column":null}},"31":{"start":{"line":171,"column":4},"end":{"line":171,"column":null}},"32":{"start":{"line":174,"column":20},"end":{"line":174,"column":null}},"33":{"start":{"line":175,"column":4},"end":{"line":177,"column":null}},"34":{"start":{"line":176,"column":6},"end":{"line":176,"column":null}},"35":{"start":{"line":179,"column":4},"end":{"line":179,"column":null}},"36":{"start":{"line":181,"column":4},"end":{"line":181,"column":null}},"37":{"start":{"line":184,"column":26},"end":{"line":188,"column":null}},"38":{"start":{"line":189,"column":18},"end":{"line":189,"column":null}},"39":{"start":{"line":190,"column":16},"end":{"line":190,"column":null}},"40":{"start":{"line":191,"column":19},"end":{"line":191,"column":null}},"41":{"start":{"line":192,"column":19},"end":{"line":192,"column":null}},"42":{"start":{"line":194,"column":4},"end":{"line":206,"column":null}},"43":{"start":{"line":214,"column":17},"end":{"line":218,"column":null}},"44":{"start":{"line":220,"column":2},"end":{"line":225,"column":null}},"45":{"start":{"line":221,"column":19},"end":{"line":221,"column":null}},"46":{"start":{"line":222,"column":4},"end":{"line":222,"column":null}},"47":{"start":{"line":224,"column":4},"end":{"line":224,"column":null}},"48":{"start":{"line":232,"column":17},"end":{"line":235,"column":null}},"49":{"start":{"line":238,"column":2},"end":{"line":243,"column":null}},"50":{"start":{"line":239,"column":19},"end":{"line":239,"column":null}},"51":{"start":{"line":240,"column":4},"end":{"line":240,"column":null}},"52":{"start":{"line":242,"column":4},"end":{"line":242,"column":null}},"53":{"start":{"line":250,"column":17},"end":{"line":252,"column":null}},"54":{"start":{"line":256,"column":2},"end":{"line":263,"column":null}},"55":{"start":{"line":257,"column":19},"end":{"line":257,"column":null}},"56":{"start":{"line":258,"column":18},"end":{"line":258,"column":null}},"57":{"start":{"line":259,"column":4},"end":{"line":259,"column":null}},"58":{"start":{"line":260,"column":4},"end":{"line":260,"column":null}},"59":{"start":{"line":262,"column":4},"end":{"line":262,"column":null}}},"fnMap":{"0":{"name":"callGeminiProxy","decl":{"start":{"line":6,"column":15},"end":{"line":6,"column":31}},"loc":{"start":{"line":6,"column":59},"end":{"line":15,"column":null}},"line":6},"1":{"name":"(anonymous_1)","decl":{"start":{"line":14,"column":23},"end":{"line":14,"column":35}},"loc":{"start":{"line":14,"column":35},"end":{"line":14,"column":45}},"line":14},"2":{"name":"sanitizeInput","decl":{"start":{"line":21,"column":9},"end":{"line":21,"column":23}},"loc":{"start":{"line":21,"column":63},"end":{"line":26,"column":null}},"line":21},"3":{"name":"getFanAssistance","decl":{"start":{"line":31,"column":22},"end":{"line":31,"column":null}},"loc":{"start":{"line":36,"column":19},"end":{"line":58,"column":null}},"line":36},"4":{"name":"processVisionIncident","decl":{"start":{"line":63,"column":22},"end":{"line":63,"column":null}},"loc":{"start":{"line":67,"column":70},"end":{"line":95,"column":null}},"line":67},"5":{"name":"getOrganizerRecommendation","decl":{"start":{"line":100,"column":22},"end":{"line":100,"column":null}},"loc":{"start":{"line":103,"column":19},"end":{"line":123,"column":null}},"line":103},"6":{"name":"getSimulatedMatchFeed","decl":{"start":{"line":128,"column":22},"end":{"line":128,"column":60}},"loc":{"start":{"line":128,"column":60},"end":{"line":208,"column":null}},"line":128},"7":{"name":"translateAnnouncement","decl":{"start":{"line":213,"column":22},"end":{"line":213,"column":44}},"loc":{"start":{"line":213,"column":75},"end":{"line":226,"column":null}},"line":213},"8":{"name":"getSentimentAnalysis","decl":{"start":{"line":231,"column":22},"end":{"line":231,"column":43}},"loc":{"start":{"line":231,"column":89},"end":{"line":244,"column":null}},"line":231},"9":{"name":"getTaskChecklist","decl":{"start":{"line":249,"column":22},"end":{"line":249,"column":39}},"loc":{"start":{"line":249,"column":80},"end":{"line":264,"column":null}},"line":249}},"branchMap":{"0":{"loc":{"start":{"line":12,"column":2},"end":{"line":12,"column":null}},"type":"if","locations":[{"start":{"line":12,"column":2},"end":{"line":12,"column":null}},{"start":{},"end":{}}],"line":12},"1":{"loc":{"start":{"line":21,"column":38},"end":{"line":21,"column":63}},"type":"default-arg","locations":[{"start":{"line":21,"column":50},"end":{"line":21,"column":63}}],"line":21},"2":{"loc":{"start":{"line":175,"column":4},"end":{"line":177,"column":null}},"type":"if","locations":[{"start":{"line":175,"column":4},"end":{"line":177,"column":null}},{"start":{},"end":{}}],"line":175}},"s":{"0":13,"1":0,"2":0,"3":0,"4":0,"5":0,"6":3,"7":3,"8":3,"9":3,"10":3,"11":0,"12":3,"13":3,"14":3,"15":3,"16":3,"17":3,"18":0,"19":3,"20":3,"21":0,"22":0,"23":0,"24":0,"25":0,"26":0,"27":5,"28":5,"29":5,"30":0,"31":0,"32":0,"33":0,"34":0,"35":0,"36":5,"37":5,"38":5,"39":5,"40":5,"41":5,"42":5,"43":0,"44":0,"45":0,"46":0,"47":0,"48":0,"49":0,"50":0,"51":0,"52":0,"53":2,"54":2,"55":2,"56":0,"57":0,"58":0,"59":2},"f":{"0":13,"1":0,"2":3,"3":3,"4":3,"5":0,"6":5,"7":0,"8":0,"9":2},"b":{"0":[0,0],"1":[3],"2":[0,0]},"meta":{"lastBranch":3,"lastFunction":10,"lastStatement":60,"seen":{"f:6:15:6:31":0,"s:7:14:11:Infinity":0,"b:12:2:12:Infinity:undefined:undefined:undefined:undefined":0,"s:12:2:12:Infinity":1,"s:12:15:12:Infinity":2,"s:13:15:13:Infinity":3,"s:14:2:14:Infinity":4,"f:14:23:14:35":1,"s:14:35:14:45":5,"f:21:9:21:23":2,"b:21:50:21:63":1,"s:22:2:25:Infinity":6,"f:31:22:31:Infinity":3,"s:37:24:45:Infinity":7,"s:50:2:57:Infinity":8,"s:51:22:51:Infinity":9,"s:52:19:52:Infinity":10,"s:53:4:53:Infinity":11,"s:55:4:55:Infinity":12,"s:56:4:56:Infinity":13,"f:63:22:63:Infinity":4,"s:68:23:69:Infinity":14,"s:80:20:82:Infinity":15,"s:84:2:94:Infinity":16,"s:85:19:85:Infinity":17,"s:86:4:86:Infinity":18,"s:88:4:88:Infinity":19,"s:89:4:93:Infinity":20,"f:100:22:100:Infinity":5,"s:104:17:112:Infinity":21,"s:116:2:122:Infinity":22,"s:117:19:117:Infinity":23,"s:118:4:118:Infinity":24,"s:120:4:120:Infinity":25,"s:121:4:121:Infinity":26,"f:128:22:128:60":6,"s:129:17:130:Infinity":27,"s:166:2:207:Infinity":28,"s:167:19:167:Infinity":29,"s:170:18:170:Infinity":30,"s:171:4:171:Infinity":31,"s:174:20:174:Infinity":32,"b:175:4:177:Infinity:undefined:undefined:undefined:undefined":2,"s:175:4:177:Infinity":33,"s:176:6:176:Infinity":34,"s:179:4:179:Infinity":35,"s:181:4:181:Infinity":36,"s:184:26:188:Infinity":37,"s:189:18:189:Infinity":38,"s:190:16:190:Infinity":39,"s:191:19:191:Infinity":40,"s:192:19:192:Infinity":41,"s:194:4:206:Infinity":42,"f:213:22:213:44":7,"s:214:17:218:Infinity":43,"s:220:2:225:Infinity":44,"s:221:19:221:Infinity":45,"s:222:4:222:Infinity":46,"s:224:4:224:Infinity":47,"f:231:22:231:43":8,"s:232:17:235:Infinity":48,"s:238:2:243:Infinity":49,"s:239:19:239:Infinity":50,"s:240:4:240:Infinity":51,"s:242:4:242:Infinity":52,"f:249:22:249:39":9,"s:250:17:252:Infinity":53,"s:256:2:263:Infinity":54,"s:257:19:257:Infinity":55,"s:258:18:258:Infinity":56,"s:259:4:259:Infinity":57,"s:260:4:260:Infinity":58,"s:262:4:262:Infinity":59},"fnNames":{}}}
,"C:\\Users\\sonali\\Documents\\Omnipitch_2026\\omnipitch-2026\\src\\store\\useStadiumStore.ts": {"path":"C:\\Users\\sonali\\Documents\\Omnipitch_2026\\omnipitch-2026\\src\\store\\useStadiumStore.ts","statementMap":{"0":{"start":{"line":6,"column":13},"end":{"line":173,"column":null}},"1":{"start":{"line":7,"column":16},"end":{"line":133,"column":null}},"2":{"start":{"line":136,"column":6},"end":{"line":136,"column":null}},"3":{"start":{"line":136,"column":31},"end":{"line":136,"column":null}},"4":{"start":{"line":139,"column":36},"end":{"line":143,"column":null}},"5":{"start":{"line":144,"column":6},"end":{"line":144,"column":null}},"6":{"start":{"line":148,"column":6},"end":{"line":148,"column":null}},"7":{"start":{"line":148,"column":29},"end":{"line":148,"column":null}},"8":{"start":{"line":150,"column":6},"end":{"line":170,"column":null}},"9":{"start":{"line":152,"column":8},"end":{"line":152,"column":null}},"10":{"start":{"line":155,"column":8},"end":{"line":159,"column":null}},"11":{"start":{"line":156,"column":24},"end":{"line":156,"column":null}},"12":{"start":{"line":157,"column":10},"end":{"line":157,"column":null}},"13":{"start":{"line":158,"column":10},"end":{"line":158,"column":null}},"14":{"start":{"line":162,"column":8},"end":{"line":167,"column":null}},"15":{"start":{"line":163,"column":24},"end":{"line":163,"column":null}},"16":{"start":{"line":165,"column":10},"end":{"line":165,"column":null}},"17":{"start":{"line":166,"column":10},"end":{"line":166,"column":null}},"18":{"start":{"line":169,"column":8},"end":{"line":169,"column":null}}},"fnMap":{"0":{"name":"(anonymous_0)","decl":{"start":{"line":7,"column":2},"end":{"line":7,"column":16}},"loc":{"start":{"line":7,"column":16},"end":{"line":133,"column":null}},"line":7},"1":{"name":"setRole","decl":{"start":{"line":135,"column":4},"end":{"line":135,"column":12}},"loc":{"start":{"line":135,"column":53},"end":{"line":137,"column":null}},"line":135},"2":{"name":"addIncident","decl":{"start":{"line":138,"column":10},"end":{"line":138,"column":22}},"loc":{"start":{"line":138,"column":68},"end":{"line":145,"column":null}},"line":138},"3":{"name":"startTelemetrySimulation","decl":{"start":{"line":146,"column":4},"end":{"line":146,"column":31}},"loc":{"start":{"line":146,"column":31},"end":{"line":171,"column":null}},"line":146},"4":{"name":"(anonymous_4)","decl":{"start":{"line":150,"column":26},"end":{"line":150,"column":44}},"loc":{"start":{"line":150,"column":44},"end":{"line":170,"column":9}},"line":150},"5":{"name":"(anonymous_5)","decl":{"start":{"line":155,"column":51},"end":{"line":155,"column":59}},"loc":{"start":{"line":155,"column":67},"end":{"line":159,"column":9}},"line":155},"6":{"name":"(anonymous_6)","decl":{"start":{"line":162,"column":49},"end":{"line":162,"column":57}},"loc":{"start":{"line":162,"column":66},"end":{"line":167,"column":9}},"line":162}},"branchMap":{"0":{"loc":{"start":{"line":136,"column":6},"end":{"line":136,"column":null}},"type":"if","locations":[{"start":{"line":136,"column":6},"end":{"line":136,"column":null}},{"start":{},"end":{}}],"line":136},"1":{"loc":{"start":{"line":148,"column":6},"end":{"line":148,"column":null}},"type":"if","locations":[{"start":{"line":148,"column":6},"end":{"line":148,"column":null}},{"start":{},"end":{}}],"line":148}},"s":{"0":3,"1":16,"2":1,"3":1,"4":2,"5":2,"6":0,"7":0,"8":0,"9":0,"10":0,"11":0,"12":0,"13":0,"14":0,"15":0,"16":0,"17":0,"18":0},"f":{"0":16,"1":1,"2":2,"3":0,"4":0,"5":0,"6":0},"b":{"0":[1,0],"1":[0,0]},"meta":{"lastBranch":2,"lastFunction":7,"lastStatement":19,"seen":{"s:6:13:173:Infinity":0,"f:7:2:7:16":0,"s:7:16:133:Infinity":1,"f:135:4:135:12":1,"b:136:6:136:Infinity:undefined:undefined:undefined:undefined":0,"s:136:6:136:Infinity":2,"s:136:31:136:Infinity":3,"f:138:10:138:22":2,"s:139:36:143:Infinity":4,"s:144:6:144:Infinity":5,"f:146:4:146:31":3,"b:148:6:148:Infinity:undefined:undefined:undefined:undefined":1,"s:148:6:148:Infinity":6,"s:148:29:148:Infinity":7,"s:150:6:170:Infinity":8,"f:150:26:150:44":4,"s:152:8:152:Infinity":9,"s:155:8:159:Infinity":10,"f:155:51:155:59":5,"s:156:24:156:Infinity":11,"s:157:10:157:Infinity":12,"s:158:10:158:Infinity":13,"s:162:8:167:Infinity":14,"f:162:49:162:57":6,"s:163:24:163:Infinity":15,"s:165:10:165:Infinity":16,"s:166:10:166:Infinity":17,"s:169:8:169:Infinity":18},"fnNames":{}}}
}
